0000000000000000 b _TLS_MODULE_BASE_
0000000000000000 0000000000000401 b __fixedpath
0000000000000000 A __start__
0000000000000000 T _start
0000000000000080 t startup
00000000000000a4 t bssclr_start
00000000000000cc t bss_loop
0000000000000120 T __nx_exit
0000000000000130 T __nx_mod0
0000000000000150 T _init
00000000000001c0 0000000000000038 T exit
0000000000000200 0000000000000058 T main
0000000000000258 t deregister_tm_clones
0000000000000288 t register_tm_clones
00000000000002c0 t __do_global_dtors_aux
0000000000000308 t frame_dummy
0000000000000340 000000000000022c t ipcParse
0000000000000408 0000000000002000 b tmp_buffer.7030
0000000000000570 0000000000000034 t ipcCloseObjectById
00000000000005b0 00000000000001d8 t _appletGetSession
0000000000000790 000000000000019c t _appletReceiveMessage
0000000000000930 000000000000018c t _appletGetPerformanceMode.constprop.35
0000000000000ac0 0000000000000164 t _appletSetOperationModeChangedNotification.constprop.37
0000000000000c30 0000000000000164 t _appletSetPerformanceModeChangedNotification.constprop.38
0000000000000da0 000000000000016c t _appletSetOutOfFocusSuspendingEnabled
0000000000000f10 0000000000000178 t _appletGetHandle.constprop.33
0000000000001090 0000000000000054 t _appletGetEvent.constprop.32
00000000000010f0 000000000000017c t _appletSetFocusHandlingMode
0000000000001270 00000000000001f0 t _appletGetSessionProxy.constprop.31
0000000000001460 00000000000000c4 t ipcConvertSessionToDomain
0000000000001530 000000000000010c t ipcCloneSession.constprop.42
0000000000001640 0000000000000384 t _appletCmdNoIO
00000000000019d0 0000000000000394 t _appletCmdNoInOut64
0000000000001d70 00000000000003ac t _appletGetCurrentFocusState.constprop.36
0000000000002120 00000000000003ac t _appletGetOperationMode.constprop.34
0000000000002408 0000000000002000 b tmp_buffer.7054
00000000000024d0 0000000000000010 T appletGetAppletType
00000000000024e0 00000000000000ec T appletSetFocusHandlingMode
00000000000025d0 0000000000000028 T appletGetAppletResourceUserId
0000000000002600 00000000000001b0 T appletNotifyRunning
00000000000027b0 00000000000001a8 T appletSetGamePlayRecordingState
0000000000002960 000000000000069c T appletExit
0000000000003000 00000000000004f0 T appletInitialize
00000000000034f0 0000000000000010 t _appletExitProcess
0000000000003500 0000000000000014 T appletCreateManagedDisplayLayer
0000000000003520 000000000000017c T appletMainLoop
00000000000036a0 0000000000000034 t ipcCloseObjectById
00000000000036e0 0000000000000124 t _hidGetSharedMemoryHandle.constprop.10
0000000000003810 0000000000000134 t _hidCreateAppletResource.constprop.9
0000000000003950 0000000000000100 t _hidCmdWithNoInput
0000000000003a50 000000000000010c t _hidCmdWithInputU32
0000000000003b60 0000000000000108 t _hidCmdWithInputU64.constprop.11
0000000000003c70 00000000000001d0 T hidReset
0000000000003e40 000000000000000c T hidGetSharedmemAddr
0000000000003e50 000000000000006c T hidKeysDown
0000000000003ec0 000000000000000c T hidTouchCount
0000000000003ed0 0000000000000560 T hidScanInput
0000000000004430 0000000000000198 T hidSetSupportedNpadIdType
00000000000045d0 000000000000000c T hidSetSupportedNpadStyleSet
00000000000045e0 0000000000000008 T hidSetNpadJoyHoldType
00000000000045f0 000000000000000c T hidSetNpadJoyAssignmentModeDual
0000000000004600 000000000000012c T hidExit
0000000000004730 0000000000000168 T hidInitialize
00000000000048a0 0000000000000034 t ipcCloseObjectById
00000000000048e0 0000000000000124 t _apmGetSession.constprop.4
0000000000004a10 00000000000000f0 T apmExit
0000000000004b00 000000000000008c T apmInitialize
0000000000004b90 00000000000000cc T apmSetPerformanceConfiguration
0000000000004c60 0000000000000044 T smAddOverrideHandle
0000000000004cb0 0000000000000060 T smGetServiceOverride
0000000000004d10 0000000000000014 T smHasInitialized
0000000000004d30 000000000000005c T smExit
0000000000004d90 0000000000000038 T smEncodeName
0000000000004dd0 000000000000012c T smGetServiceOriginal
0000000000004f00 0000000000000158 T smInitialize
0000000000005060 0000000000000074 T smGetService
00000000000050e0 0000000000000140 t _fatalImpl
0000000000005220 0000000000000014 T fatalWithType
0000000000005240 0000000000000014 T fatalSimple
0000000000005260 0000000000000208 T envSetup
0000000000005470 0000000000000020 T envGetMainThreadHandle
0000000000005490 000000000000000c T envIsNso
00000000000054a0 0000000000000014 T envHasHeapOverride
00000000000054c0 000000000000000c T envGetHeapOverrideAddr
00000000000054d0 000000000000000c T envGetHeapOverrideSize
00000000000054e0 0000000000000014 T envHasArgv
0000000000005500 000000000000000c T envGetArgv
0000000000005510 000000000000000c T envGetExitFuncPtr
0000000000005520 000000000000000c T envSetExitFuncPtr
0000000000005530 0000000000000044 t consoleDrawChar
0000000000005580 0000000000000140 t consoleClearLine
00000000000056c0 000000000000004c t consoleNewRow
0000000000005710 0000000000000118 t consolePrintChar
0000000000005830 000000000000015c t consoleCls
0000000000005990 00000000000007e0 t con_write
0000000000006170 000000000000011c T consoleInit
0000000000006290 0000000000000048 T consoleExit
00000000000062e0 0000000000000028 T consoleUpdate
0000000000006310 0000000000000070 t ConsoleSwRenderer_flushAndSwap
0000000000006380 00000000000000c4 t ConsoleSwRenderer_scrollWindow
0000000000006450 0000000000000188 t ConsoleSwRenderer_drawChar
00000000000065e0 000000000000003c t ConsoleSwRenderer_deinit
0000000000006620 00000000000000f4 t ConsoleSwRenderer_init
0000000000006720 000000000000000c W getDefaultConsoleRenderer
000000000000672c T svcSetHeapSize
0000000000006740 T svcSetMemoryAttribute
0000000000006748 T svcUnmapMemory
0000000000006750 T svcQueryMemory
0000000000006764 T svcExitProcess
000000000000676c T svcSleepThread
0000000000006774 T svcMapSharedMemory
000000000000677c T svcUnmapSharedMemory
0000000000006784 T svcCreateTransferMemory
0000000000006798 T svcCloseHandle
00000000000067a0 T svcResetSignal
00000000000067a8 T svcWaitSynchronization
00000000000067bc T svcArbitrateLock
00000000000067c4 T svcArbitrateUnlock
00000000000067cc T svcConnectToNamedPort
00000000000067e0 T svcSendSyncRequest
00000000000067e8 T svcBreak
00000000000067f0 T svcReturnFromException
00000000000067f8 T svcGetInfo
000000000000680c T svcUnmapTransferMemory
0000000000006820 0000000000000180 t _CacheValues
00000000000069a0 000000000000001c T kernelAbove200
00000000000069c0 000000000000001c T kernelAbove300
00000000000069e0 0000000000000030 T detectDebugger
0000000000006a10 00000000000000a8 T tmemCreate
0000000000006ac0 0000000000000058 T tmemUnmap
0000000000006b20 0000000000000068 T tmemClose
0000000000006b90 0000000000000104 t _waitLoop
0000000000006ca0 0000000000000334 t _waitObjectsImpl
0000000000006fe0 000000000000000c T waitObjects
0000000000006ff0 000000000000004c T rwlockReadLock
0000000000007040 000000000000004c T rwlockReadUnlock
0000000000007090 0000000000000008 T rwlockWriteLock
00000000000070a0 0000000000000008 T rwlockWriteUnlock
00000000000070b0 000000000000008c T mutexLock
0000000000007140 0000000000000030 T mutexUnlock
0000000000007170 000000000000004c T rmutexLock
00000000000071c0 000000000000001c T rmutexUnlock
00000000000071e0 0000000000000014 T shmemLoadRemote
0000000000007200 0000000000000084 T shmemMap
0000000000007290 0000000000000058 T shmemUnmap
00000000000072f0 0000000000000044 T shmemClose
0000000000007340 000000000000007c t _GetRegionFromInfo.isra.1
00000000000073c0 0000000000000114 T virtmemSetup
00000000000074e0 000000000000013c T virtmemReserve
0000000000007620 0000000000000004 T virtmemFree
0000000000007630 000000000000000c T eventLoadRemote
0000000000007640 0000000000000038 T eventWait
0000000000007680 0000000000000050 T eventClose
00000000000076d0 000000000000000c T nwindowGetDefault
00000000000076e0 00000000000000c8 T __nx_win_init
00000000000077b0 0000000000000034 T __nx_win_exit
00000000000077f0 0000000000000080 T framebufferMakeLinear
0000000000007870 0000000000000078 T framebufferClose
00000000000078f0 0000000000000298 T framebufferCreate
0000000000007b90 0000000000000080 T framebufferBegin
0000000000007c10 000000000000017c T framebufferEnd
0000000000007d90 0000000000000054 t _nwindowConnect
0000000000007df0 0000000000000040 t _nwindowDisconnect
0000000000007e30 0000000000000024 T nwindowIsValid
0000000000007e60 000000000000006c T nwindowClose
0000000000007ed0 00000000000000c4 T nwindowCreate
0000000000007fa0 000000000000000c T nwindowCreateFromLayer
0000000000007fb0 0000000000000088 T nwindowSetDimensions
0000000000008040 0000000000000154 T nwindowConfigureBuffer
00000000000081a0 00000000000001e4 T nwindowDequeueBuffer
0000000000008390 0000000000000144 T nwindowQueueBuffer
00000000000084e0 00000000000000ac T nwindowReleaseBuffers
0000000000008590 00000000000000a0 T __nx_dynamic
0000000000008630 00000000000000d8 W __libnx_initheap
0000000000008710 00000000000000a0 W __appInit
00000000000087b0 0000000000000044 W __appExit
0000000000008800 0000000000000028 W __libnx_init
0000000000008830 0000000000000020 W __libnx_exit
0000000000008850 0000000000000008 t mutexInit
0000000000008860 000000000000000c t rmutexInit
0000000000008870 000000000000008c T __libnx_gtod
0000000000008900 0000000000000020 T __libnx_clock_settime
0000000000008920 0000000000000028 T __libnx_nanosleep
0000000000008950 0000000000000034 t __libnx_get_reent
0000000000008990 00000000000000f8 T __libnx_clock_gettime
0000000000008a90 0000000000000058 T __libnx_clock_getres
0000000000008af0 000000000000027c T __libnx_init_time
0000000000008d70 0000000000000118 T newlibSetup
0000000000008e90 0000000000000368 T argvSetup
0000000000009200 0000000000000010 t fsdev_link
0000000000009210 0000000000000010 t fsdev_dirreset
0000000000009220 0000000000000010 t fsdev_chmod
0000000000009230 000000000000001c t error_cmp
0000000000009250 0000000000000058 t fsdev_translate_error
00000000000092b0 0000000000000040 t fsdev_fsync
00000000000092f0 0000000000000060 t fsdev_ftruncate
0000000000009350 0000000000000020 t fsdev_dirclose
0000000000009370 000000000000016c t fsdev_dirnext
00000000000094e0 000000000000001c t fsdev_close
0000000000009500 00000000000000a4 t fsdev_fstat
00000000000095b0 00000000000000b0 t fsdev_seek
0000000000009660 0000000000000198 t fsdev_read
0000000000009800 00000000000001a0 t fsdev_write
00000000000099a0 0000000000000120 t fsdevFindDevice
0000000000009ac0 0000000000000168 t _fsdevMountDevice
0000000000009c30 00000000000001fc t fsdev_getfspath
0000000000009e30 0000000000000070 t fsdev_rmdir
0000000000009ea0 00000000000000d4 t fsdev_statvfs
0000000000009f80 00000000000000ec t fsdev_diropen
000000000000a070 0000000000000070 t fsdev_mkdir
000000000000a0e0 0000000000000114 t fsdev_rename
000000000000a200 00000000000000e8 t fsdev_chdir
000000000000a2f0 0000000000000070 t fsdev_unlink
000000000000a360 00000000000001bc t fsdev_stat
000000000000a520 000000000000019c t fsdev_open
000000000000a6c0 00000000000000b8 t _fsdevUnmountDeviceStruct.part.4
000000000000a780 0000000000000010 t fsdev_fchmod
000000000000a790 0000000000000158 T fsdevMountSdmc
000000000000a8f0 0000000000000064 T fsdevUnmountAll
000000000000a960 000000000000012c T decode_utf8
000000000000aa8c T armDCacheFlush
000000000000aab0 t armDCacheFlush_L0
000000000000aac8 W __libnx_exception_entry
000000000000ab54 t __libnx_exception_entry_start
000000000000ac7c t __libnx_exception_entry_abort
000000000000ac80 t __libnx_exception_entry_end
000000000000ac88 T __libnx_exception_returnentry
000000000000aca0 T __aarch64_read_tp
000000000000acb0 0000000000000034 t ipcCloseObjectById
000000000000acf0 000000000000012c t _timeGetSession
000000000000ae20 00000000000001ec T timeExit
000000000000b010 00000000000000d8 T timeInitialize
000000000000b0f0 0000000000000124 T timeGetCurrentTime
000000000000b220 0000000000000118 T timeToCalendarTimeWithMyRule
000000000000b340 0000000000000034 t ipcCloseObjectById
000000000000b380 0000000000000134 t _viGetSession.constprop.7
000000000000b4c0 00000000000001e4 T viExit
000000000000b6b0 00000000000002d4 T viInitialize
000000000000b990 000000000000000c T viGetSession_IHOSBinderDriverRelay
000000000000b9a0 0000000000000140 T viOpenDisplay
000000000000bae0 0000000000000104 T viCloseDisplay
000000000000bbf0 0000000000000104 T viCloseLayer
000000000000bd00 0000000000000334 T viCreateLayer
000000000000c040 00000000000000e8 T viSetLayerScalingMode
000000000000c130 0000000000000220 t ipcPrepareHeader
000000000000c350 000000000000022c t ipcParse
000000000000c580 00000000000000b0 t serviceIpcParse
000000000000c630 0000000000000034 t ipcCloseObjectById
000000000000c670 0000000000000200 T fsInitialize
000000000000c870 000000000000009c T fsExit
000000000000c910 000000000000013c T fsMountSdcard
000000000000ca50 0000000000000120 T fsFsCreateFile
000000000000cb70 0000000000000118 T fsFsDeleteFile
000000000000cc90 0000000000000118 T fsFsCreateDirectory
000000000000cdb0 0000000000000118 T fsFsDeleteDirectory
000000000000ced0 0000000000000190 T fsFsRenameFile
000000000000d060 0000000000000190 T fsFsRenameDirectory
000000000000d1f0 000000000000012c T fsFsGetEntryType
000000000000d320 0000000000000150 T fsFsOpenFile
000000000000d470 0000000000000150 T fsFsOpenDirectory
000000000000d5c0 000000000000012c T fsFsGetFreeSpace
000000000000d6f0 000000000000012c T fsFsGetTotalSpace
000000000000d820 0000000000000190 T fsFsGetFileTimeStampRaw
000000000000d9b0 000000000000006c T fsFsClose
000000000000da20 0000000000000170 T fsFileRead
000000000000db90 000000000000010c T fsFileWrite
000000000000dca0 00000000000000e8 T fsFileFlush
000000000000dd90 00000000000000f0 T fsFileSetSize
000000000000de80 0000000000000100 T fsFileGetSize
000000000000df80 000000000000006c T fsFileClose
000000000000dff0 000000000000006c T fsDirClose
000000000000e060 000000000000016c T fsDirRead
000000000000e1d0 0000000000000034 t ipcCloseObjectById
000000000000e210 00000000000000c8 t ipcQueryPointerBufferSize.constprop.10
000000000000e2e0 000000000000010c t ipcCloneSession.constprop.9
000000000000e3f0 00000000000000d8 t _nvSetClientPID
000000000000e4d0 00000000000000f0 t _nvInitialize.constprop.8
000000000000e5c0 0000000000000100 T nvExit
000000000000e6c0 0000000000000184 T nvInitialize
000000000000e850 000000000000012c T nvConvertError
000000000000e980 000000000000012c T nvOpen
000000000000eab0 0000000000000270 T nvIoctl
000000000000ed20 00000000000000dc T nvClose
000000000000ee00 000000000000015c T nvQueryEvent
000000000000ef60 0000000000000060 t _nvFenceEventWaitCommon
000000000000efc0 000000000000005c T nvFenceInit
000000000000f020 0000000000000098 T nvFenceExit
000000000000f0c0 00000000000001e0 T nvFenceWait
000000000000f2a0 000000000000007c T nvMultiFenceWait
000000000000f320 000000000000006c T nvMapInit
000000000000f390 0000000000000068 T nvMapExit
000000000000f400 0000000000000084 T nvMapClose
000000000000f490 0000000000000150 T nvMapCreate
000000000000f5e0 0000000000000024 T nvioctlNvhostCtrl_EventSignal
000000000000f610 000000000000003c T nvioctlNvhostCtrl_EventWait
000000000000f650 0000000000000028 T nvioctlNvhostCtrl_EventWaitAsync
000000000000f680 0000000000000024 T nvioctlNvhostCtrl_EventRegister
000000000000f6b0 0000000000000024 T nvioctlNvhostCtrl_EventUnregister
000000000000f6e0 000000000000003c T nvioctlNvmap_Create
000000000000f720 0000000000000030 T nvioctlNvmap_Alloc
000000000000f750 0000000000000030 T nvioctlNvmap_Free
000000000000f780 000000000000003c T nvioctlNvmap_GetId
000000000000f7c0 00000000000000e8 T bqRequestBuffer
000000000000f8b0 0000000000000154 T bqDequeueBuffer
000000000000fa10 000000000000009c T bqDetachBuffer
000000000000fab0 00000000000000e0 T bqQueueBuffer
000000000000fb90 0000000000000090 T bqCancelBuffer
000000000000fc20 00000000000000e4 T bqConnect
000000000000fd10 000000000000009c T bqDisconnect
000000000000fdb0 0000000000000178 T bqSetPreallocatedBuffer
000000000000ff30 0000000000000248 t _binderTransactParcelAuto
0000000000010180 00000000000000c8 t ipcQueryPointerBufferSize
0000000000010250 0000000000000138 t _binderTransactParcel
0000000000010390 0000000000000014 T binderCreate
00000000000103b0 0000000000000010 T binderTransactParcel
00000000000103c0 0000000000000124 T binderConvertErrorCode
00000000000104f0 00000000000000e8 T binderAdjustRefcount
00000000000105e0 0000000000000074 T binderClose
0000000000010660 00000000000000c4 T binderInitSession
0000000000010730 0000000000000144 T binderGetNativeHandle
0000000000010880 0000000000000028 T parcelCreate
00000000000108b0 000000000000019c T parcelTransact
0000000000010a50 0000000000000088 T parcelWriteData
0000000000010ae0 0000000000000098 T parcelReadData
0000000000010b80 0000000000000020 T parcelWriteInt32
0000000000010ba0 0000000000000020 T parcelWriteUInt32
0000000000010bc0 0000000000000080 T parcelWriteString16
0000000000010c40 0000000000000030 T parcelWriteInterfaceToken
0000000000010c70 0000000000000024 T parcelReadInt32
0000000000010ca0 0000000000000068 T parcelReadFlattenedObject
0000000000010d10 0000000000000044 T parcelWriteFlattenedObject
0000000000010d60 00000000000000c4 T nxlinkSetup
0000000000010e28 0000000000000038 T aligned_alloc
0000000000010e60 00000000000000b8 T bsearch
0000000000010f18 0000000000000030 T calloc
0000000000010f48 0000000000000094 T _calloc_r
0000000000010fe0 0000000000000014 T __errno
0000000000010ff8 0000000000000044 T __libc_fini_array
0000000000011040 000000000000008c T __libc_init_array
00000000000110d0 000000000000002c T __locale_mb_cur_max
0000000000011100 0000000000000008 T __locale_ctype_ptr_l
0000000000011108 000000000000002c T __locale_ctype_ptr
0000000000011138 0000000000000030 T memalign
0000000000011168 0000000000000198 T _memalign_r
0000000000011300 000000000000001c T malloc
0000000000011320 000000000000001c T free
0000000000011340 0000000000000844 T _malloc_r
0000000000011b88 00000000000002c8 T __utf8_mbtowc
0000000000011e50 00000000000000d8 T memchr
0000000000011f40 000000000000016c T memcpy
00000000000120c0 00000000000001d8 T memset
0000000000012298 000000000000000c T __malloc_lock
00000000000122a8 000000000000000c T __malloc_unlock
00000000000122b8 00000000000000d4 T _puts_r
0000000000012390 000000000000001c T puts
00000000000123b0 000000000000003c T setenv
00000000000123f0 0000000000000264 T _setenv_r
0000000000012658 000000000000025c T setvbuf
00000000000128b8 00000000000000bc T sscanf
0000000000012978 0000000000000050 T __sread
00000000000129c8 0000000000000008 T __seofread
00000000000129d0 000000000000006c T __swrite
0000000000012a40 0000000000000050 T __sseek
0000000000012a90 0000000000000008 T __sclose
0000000000012a98 00000000000000dc T strchr
0000000000012b80 00000000000000a4 T strcmp
0000000000012c40 0000000000000140 T strlen
0000000000012d80 0000000000000084 T strncat
0000000000012e5c 0000000000000108 T strncmp
0000000000012f68 00000000000000a8 T strncpy
0000000000013064 00000000000000e0 T strnlen
0000000000013120 00000000000001d0 t _strtol_l.isra.0
00000000000132f0 0000000000000048 T _strtol_r
0000000000013338 00000000000001e0 t _strtoul_l.isra.0
0000000000013518 0000000000000048 T _strtoul_r
0000000000013560 000000000000005c T strtoul
00000000000135bc 000000000000005c t get_arg
0000000000013618 0000000000002f48 T __ssvfscanf_r
0000000000016560 00000000000000d0 T _wcrtomb_r
0000000000016630 0000000000000010 T _wcsrtombs_r
0000000000016640 00000000000000e4 T __utf8_wctomb
0000000000016728 0000000000000140 T __swsetup_r
0000000000016868 000000000000017c T __call_exitprocs
00000000000169e8 00000000000001a8 t quorem
0000000000016b90 00000000000010dc T _dtoa_r
0000000000017c70 000000000000000c T __env_lock
0000000000017c80 000000000000000c T __env_unlock
0000000000017c90 0000000000000214 T __sflush_r
0000000000017ea8 00000000000000b8 T _fflush_r
0000000000017f60 0000000000000078 t std
0000000000017fd8 000000000000000c T _cleanup_r
0000000000017fe8 000000000000000c T __sfp_lock_acquire
0000000000017ff8 000000000000000c T __sfp_lock_release
0000000000018008 000000000000000c T __sinit_lock_acquire
0000000000018018 000000000000000c T __sinit_lock_release
0000000000018028 0000000000000080 T __sinit
00000000000180a8 0000000000000118 T _malloc_trim_r
00000000000181c0 00000000000002f4 T _free_r
00000000000184b8 00000000000004b8 T __sfvwrite_r
0000000000018970 00000000000000bc T _fwalk_reent
0000000000018a30 0000000000000100 T _findenv_r
0000000000018b30 0000000000000084 T iswspace
0000000000018bb8 0000000000000244 t __jp2uc
0000000000018e00 00000000000000d0 T _jp2uc
0000000000018ed0 0000000000000008 T __localeconv_l
0000000000018ed8 0000000000000028 T _localeconv_r
0000000000018f00 00000000000000a4 T __swhatbuf_r
0000000000018fa8 000000000000010c T __smakebuf_r
00000000000190b8 00000000000000d8 T _mbrtowc_r
00000000000191c0 00000000000000ac T memmove
0000000000019270 0000000000000090 T _Balloc
0000000000019300 000000000000001c T _Bfree
0000000000019320 00000000000000e8 T __multadd
0000000000019408 0000000000000120 T __s2b
0000000000019528 000000000000005c T __hi0bits
0000000000019588 00000000000000a0 T __lo0bits
0000000000019628 000000000000002c T __i2b
0000000000019658 00000000000001c8 T __multiply
0000000000019820 0000000000000104 T __pow5mult
0000000000019928 0000000000000134 T __lshift
0000000000019a60 0000000000000050 T __mcmp
0000000000019ab0 000000000000014c T __mdiff
0000000000019c00 0000000000000068 T __ulp
0000000000019c68 0000000000000150 T __b2d
0000000000019db8 0000000000000138 T __d2b
0000000000019ef0 00000000000000a0 T __ratio
0000000000019f90 0000000000000068 T __copybits
0000000000019ff8 0000000000000084 T __any_on
000000000001a080 0000000000000030 T realloc
000000000001a0b0 000000000000056c T _realloc_r
000000000001a620 00000000000000bc T __sccl
000000000001a6e0 000000000000000c T nanf
000000000001a6f0 000000000000007c T frexp
000000000001a770 00000000000000a8 T sprintf
000000000001a818 00000000000000c8 T stpncpy
000000000001a8e0 0000000000000054 t sulp
000000000001a938 00000000000010f0 T _strtod_l
000000000001ba28 0000000000000040 T _strtod_r
000000000001ba68 00000000000001d0 t _strtoll_l.isra.0
000000000001bc38 0000000000000048 T _strtoll_r
000000000001bc80 00000000000001e0 t _strtoull_l.isra.0
000000000001be60 0000000000000048 T _strtoull_r
000000000001bea8 00000000000001c0 T __ssprint_r
000000000001c068 00000000000000f4 T _sungetc_r
000000000001c15c 0000000000000070 T __ssrefill_r
000000000001c1cc 00000000000000e0 T _sfread_r
000000000001c2ac 000000000000076c t get_arg
000000000001ca18 0000000000003b44 T _svfprintf_r
0000000000020560 00000000000000c8 T __submore
0000000000020628 00000000000001dc T _wcsnrtombs_l
0000000000020808 0000000000000054 T _wcsnrtombs_r
0000000000020860 000000000000015c T _fclose_r
00000000000209c0 0000000000000114 t rshift
0000000000020ad8 00000000000007e8 T __gethex
00000000000212c0 0000000000000048 T __match
0000000000021308 000000000000022c T __hexnan
0000000000021538 0000000000000008 t null_write
0000000000021540 0000000000000018 T setDefaultDevice
0000000000021558 00000000000000f8 T FindDevice
0000000000021650 0000000000000034 T RemoveDevice
0000000000021688 00000000000000d8 T AddDevice
0000000000021760 00000000000000a8 T _close_r
0000000000021808 0000000000000080 T _fstat_r
0000000000021888 0000000000000008 T _isatty_r
0000000000021890 0000000000000094 T _lseek_r
0000000000021928 00000000000000a4 T _read_r
00000000000219d0 0000000000000078 T _sbrk_r
0000000000021a48 00000000000000a4 T _write_r
0000000000021af0 0000000000000024 T _exit
0000000000021b18 0000000000000234 T _concatenate_path
0000000000021d50 0000000000000178 T chdir
0000000000021ec8 0000000000000018 T __libc_lock_acquire
0000000000021ee0 0000000000000018 T __libc_lock_release
0000000000021ef8 0000000000000018 T __libc_lock_init_recursive
0000000000021f10 0000000000000018 T __libc_lock_acquire_recursive
0000000000021f28 0000000000000018 T __libc_lock_release_recursive
0000000000021f40 0000000000000018 T __libc_lock_close_recursive
0000000000021f58 000000000000003c T __free_handle
0000000000021f98 0000000000000058 T __release_handle
0000000000021ff0 0000000000000020 T __get_handle
0000000000022010 0000000000000024 T __getreent
0000000000022038 0000000000000150 t __extenddftf2
0000000000022188 0000000000000350 t __trunctfdf2
00000000000224d8 0000000000000070 t __sfp_handle_exceptions
0000000000022548 0000000000000100 T strrchr
0000000000022648 T _fini
0000000000023010 0000000000000014 r CSWTCH.83
0000000000023170 0000000000000030 r colorTable
00000000000231a0 R default_font_bin
00000000000251a0 R default_font_bin_end
00000000000251a0 R default_font_bin_size
00000000000251b0 0000000000000038 r g_nvColorFmtTable
00000000000251f8 0000000000000018 r error_table
0000000000025288 0000000000000023 r g_bq_InterfaceDescriptor
00000000000253e8 0000000000000022 r basefix.6415
0000000000025410 0000000000000101 R _ctype_
0000000000025568 00000000000000bc r a1
0000000000025628 00000000000000bc r a2
00000000000256e8 000000000000005b r a3
0000000000025748 0000000000000070 r a6
00000000000257b8 00000000000000a2 r a7
0000000000025860 0000000000000040 r a8
00000000000258a0 000000000000172a r b02cf
0000000000026fd0 0000000000001a7c r d02f4
0000000000028a50 0000000000000028 R __mprec_bigtens
0000000000028a78 00000000000000c8 R __mprec_tens
0000000000028b40 000000000000000c r p05.5161
0000000000028b80 0000000000000014 r fpi.5241
0000000000028b98 0000000000000014 r fpinan.5277
0000000000028bb0 0000000000000028 r tinytens
0000000000028bd8 000000000000006c R __action_table
0000000000028c48 0000000000000100 R __chclass
0000000000028d48 000000000000006c R __state_table
0000000000028f40 0000000000000010 r blanks.6378
0000000000028f50 0000000000000010 r zeroes.6379
0000000000028f60 0000000000000100 R __hexdig
0000000000029068 0000000000000003 R DIRECTORY_PARENT
0000000000029070 r __EH_FRAME_BEGIN__
0000000000029070 R __eh_frame_hdr_end
0000000000029070 R __eh_frame_hdr_start
000000000002e64c r __FRAME_END__
000000000002e650 a _DYNAMIC
0000000000031000 t __frame_dummy_init_array_entry
0000000000031000 T __init_array_start
0000000000031000 B __preinit_array_end
0000000000031000 B __preinit_array_start
0000000000031000 D __tdata_lma
0000000000031000 D __tdata_lma_end
0000000000031008 t __do_global_dtors_aux_fini_array_entry
0000000000031008 T __fini_array_start
0000000000031008 T __init_array_end
0000000000031010 a _GLOBAL_OFFSET_TABLE_
0000000000031010 T __fini_array_end
0000000000031010 T __got_start__
0000000000031298 D __got_end__
0000000000031298 0000000000000001 V __nx_applet_auto_notifyrunning
000000000003129c 0000000000000004 V __nx_applet_type
00000000000312a0 0000000000000001 d firstConsoleInit.6003
00000000000312a8 0000000000000058 d defaultConsole
0000000000031300 0000000000000008 d currentConsole
0000000000031308 00000000000000e0 d dotab_stdout
00000000000313e8 0000000000000088 d s_consoleSwRenderer
0000000000031470 0000000000000008 V __nx_exception_stack_size
0000000000031478 0000000000000401 d __cwd
000000000003187c 0000000000000004 d fsdev_fsdevice_cwd
0000000000031880 0000000000000004 d fsdev_fsdevice_default
0000000000031888 00000000000000e0 d fsdev_devoptab
0000000000031968 0000000000000004 V __nx_vi_stray_layer_flags
000000000003196c 0000000000000004 d g_viServiceType
0000000000031970 0000000000000004 V __nx_nv_transfermem_size
0000000000031974 0000000000000004 d g_ctrl_fd
0000000000031978 0000000000000004 d g_nvmap_fd
0000000000031980 0000000000000008 D _impure_ptr
0000000000031988 0000000000000768 d impure_data
00000000000320f0 0000000000000008 D _global_impure_ptr
00000000000320f8 00000000000001a8 D __global_locale
00000000000322a0 0000000000000008 D __malloc_sbrk_base
00000000000322a8 0000000000000008 D __malloc_trim_threshold
00000000000322b0 0000000000000810 D __malloc_av_
0000000000032ac0 0000000000000008 D environ
0000000000032ac8 0000000000000004 d defaultDevice
0000000000032ad0 0000000000000080 D devoptab_list
0000000000032b50 00000000000000e0 D dotab_stdnull
0000000000032c30 0000000000000400 d _current_working_directory
0000000000033030 0000000000000010 d __stderr_handle
0000000000033040 0000000000000010 d __stdin_handle
0000000000033050 0000000000000010 d __stdout_handle
0000000000033060 0000000000002000 d handles
0000000000035060 D __TMC_END__
0000000000035060 D __bss_start__
0000000000035060 b completed.7821
0000000000035068 b object.7826
0000000000035098 0000000000000008 V __nx_applet_PerformanceConfiguration
00000000000350a0 0000000000000004 V __nx_applet_exit_mode
00000000000350a4 0000000000000001 b g_appletExitProcessFlag
00000000000350a8 0000000000000018 b g_appletFirstHook
00000000000350c0 0000000000000001 b g_appletFocusState
00000000000350c8 000000000000000c b g_appletIApplicationCreator
00000000000350d8 000000000000000c b g_appletIAudioController
00000000000350e8 000000000000000c b g_appletICommonStateGetter
00000000000350f8 000000000000000c b g_appletIDebugFunctions
0000000000035108 000000000000000c b g_appletIDisplayController
0000000000035118 000000000000000c b g_appletIFunctions
0000000000035128 000000000000000c b g_appletIGlobalStateController
0000000000035138 000000000000000c b g_appletILibraryAppletCreator
0000000000035148 000000000000000c b g_appletILibraryAppletSelfAccessor
0000000000035158 000000000000000c b g_appletIProcessWindingController
0000000000035168 000000000000000c b g_appletISelfController
0000000000035178 000000000000000c b g_appletIWindowController
0000000000035188 000000000000000c b g_appletLibraryAppletLaunchableEvent
0000000000035198 000000000000000c b g_appletMessageEvent
00000000000351a4 0000000000000001 b g_appletNotifiedRunning
00000000000351a5 0000000000000001 b g_appletOperationMode
00000000000351a8 0000000000000004 b g_appletPerformanceMode
00000000000351b0 000000000000000c b g_appletProxySession
00000000000351bc 0000000000000004 b g_appletRecordingInitialized
00000000000351c0 0000000000000028 b g_appletRecordingTmem
00000000000351e8 0000000000000008 b g_appletResourceUserId
00000000000351f0 000000000000000c b g_appletSrv
0000000000035200 0000000000000008 b g_refCnt
0000000000035208 0000000000000050 b g_controllerDown
0000000000035258 00000000000001e0 b g_controllerEntries
0000000000035438 0000000000000190 b g_controllerHeaders
00000000000355c8 0000000000000050 b g_controllerHeld
0000000000035618 0000000000000028 b g_controllerLayout
0000000000035640 0000000000000050 b g_controllerOld
0000000000035690 0000000000000004 b g_controllerP1AutoID
0000000000035698 0000000000000050 b g_controllerTimestamps
00000000000356e8 0000000000000050 b g_controllerUp
0000000000035738 000000000000000c b g_hidIAppletResource
0000000000035748 0000000000000020 b g_hidLock
0000000000035768 0000000000000020 b g_hidSharedmem
0000000000035788 000000000000000c b g_hidSrv
0000000000035798 0000000000000020 b g_keyboardDown
00000000000357b8 0000000000000038 b g_keyboardEntry
00000000000357f0 0000000000000020 b g_keyboardHeld
0000000000035810 0000000000000008 b g_keyboardModDown
0000000000035818 0000000000000008 b g_keyboardModHeld
0000000000035820 0000000000000008 b g_keyboardModOld
0000000000035828 0000000000000008 b g_keyboardModUp
0000000000035830 0000000000000020 b g_keyboardOld
0000000000035850 0000000000000008 b g_keyboardTimestamp
0000000000035858 0000000000000020 b g_keyboardUp
0000000000035878 0000000000000008 b g_mouseDown
0000000000035880 0000000000000030 b g_mouseEntry
00000000000358b0 0000000000000008 b g_mouseHeld
00000000000358b8 0000000000000008 b g_mouseOld
00000000000358c0 0000000000000008 b g_mouseTimestamp
00000000000358c8 0000000000000008 b g_mouseUp
00000000000358d0 0000000000000008 b g_refCnt
00000000000358d8 000000000000000a b g_sixaxisEnabled
00000000000358e8 0000000000004650 b g_sixaxisLayouts
0000000000039f38 0000000000000298 b g_touchEntry
000000000003a1d0 0000000000000008 b g_touchTimestamp
000000000003a1d8 000000000000000c b g_apmISession
000000000003a1e8 000000000000000c b g_apmSrv
000000000003a1f8 0000000000000008 b g_refCnt
000000000003a200 0000000000000008 b g_refCnt
000000000003a208 0000000000000004 b g_smHandle
000000000003a210 0000000000000200 b g_smOverrides
000000000003a410 0000000000000008 b g_smOverridesNum
000000000003a418 0000000000000001 b g_hasRandomSeed
000000000003a419 0000000000000001 b g_isNso
000000000003a41c 0000000000000004 b g_lastLoadResult
000000000003a420 0000000000000008 b g_loaderRetAddr
000000000003a428 0000000000000004 b g_mainThreadHandle
000000000003a430 0000000000000008 b g_nextLoadArgv
000000000003a438 0000000000000008 b g_nextLoadPath
000000000003a440 0000000000000008 b g_overrideArgv
000000000003a448 0000000000000008 b g_overrideHeapAddr
000000000003a450 0000000000000008 b g_overrideHeapSize
000000000003a458 0000000000000004 b g_processHandle
000000000003a460 0000000000000010 b g_randomSeed
000000000003a470 0000000000000010 b g_syscallHints
000000000003a480 0000000000000058 b currentCopy
000000000003a4d8 0000000000000001 b g_HasCached
000000000003a4d9 0000000000000001 b g_IsAbove200
000000000003a4da 0000000000000001 b g_IsAbove300
000000000003a4db 0000000000000001 b g_IsAbove400
000000000003a4dc 0000000000000001 b g_IsAbove500
000000000003a4dd 0000000000000001 b g_IsAbove600
000000000003a4e0 0000000000000004 b g_Mutex
000000000003a4e8 0000000000000010 b g_AddressSpace
000000000003a4f8 0000000000000008 b g_CurrentAddr
000000000003a500 0000000000000030 b g_Region
000000000003a530 0000000000000004 b g_VirtMemMutex
000000000003a538 0000000000000078 b g_defaultWin
000000000003a5b0 0000000000000050 b g_viDisplay
000000000003a600 0000000000000010 b g_viLayer
000000000003a610 0000000000000004 V __nx_exception_ignoredebug
000000000003a620 0000000000000400 V __nx_exception_stack
000000000003aa20 0000000000000008 V __nx_heap_size
000000000003aa28 0000000000000008 b __bootticks
000000000003aa30 0000000000000008 b __boottime
000000000003aa38 0000000000000004 V __nx_time_type
000000000003aa40 0000000000000008 b g_argv_empty
000000000003aa48 0000000000002300 b fsdev_fsdevices
000000000003cd48 0000000000000001 b fsdev_initialised
000000000003cd50 0000000000000008 b g_refCnt
000000000003cd58 000000000000000c b g_timeLocalSystemClock
000000000003cd68 000000000000000c b g_timeNetworkSystemClock
000000000003cd78 000000000000000c b g_timeSrv
000000000003cd88 000000000000000c b g_timeTimeZoneService
000000000003cd98 000000000000000c b g_timeUserSystemClock
000000000003cda8 0000000000000008 V __nx_vi_layer_id
000000000003cdb0 000000000000000c b g_viIApplicationDisplayService
000000000003cdc0 000000000000000c b g_viIHOSBinderDriverIndirect
000000000003cdd0 000000000000000c b g_viIHOSBinderDriverRelay
000000000003cde0 000000000000000c b g_viIManagerDisplayService
000000000003cdf0 000000000000000c b g_viISystemDisplayService
000000000003ce00 000000000000000c b g_fsSrv
000000000003ce10 0000000000000008 b g_refCnt
000000000003ce18 0000000000000008 b g_nvIpcBufferSize
000000000003ce20 000000000000000c b g_nvSrv
000000000003ce30 000000000000000c b g_nvSrvClone
000000000003ce40 0000000000000028 b g_nvTransfermem
000000000003ce68 0000000000000008 b g_refCnt
000000000003ce70 0000000000000008 b g_NvEventUsedMask
000000000003ce78 0000000000000300 b g_NvEvents
000000000003d178 0000000000000008 b g_refCnt
000000000003d180 0000000000000008 b g_refCnt
000000000003d188 0000000000000028 B __malloc_current_mallinfo
000000000003d1b0 0000000000000008 B __malloc_max_sbrked_mem
000000000003d1b8 0000000000000008 B __malloc_max_total_mem
000000000003d1c0 0000000000000008 B __malloc_top_pad
000000000003d1c8 000000000000000c b __malloc_recursive_mutex
000000000003d1d4 0000000000000004 b alloced.4037
000000000003d1d8 000000000000000c B __atexit_recursive_mutex
000000000003d1e8 0000000000000008 b initial_env
000000000003d1f0 000000000000000c b __env_recursive_mutex
000000000003d200 000000000000000c b __sfp_recursive_mutex
000000000003d210 000000000000000c b __sinit_recursive_mutex
000000000003d220 0000000000000008 b heap_start.5228
000000000003d228 0000000000000008 B fake_heap_end
000000000003d230 0000000000000008 B fake_heap_start
000000000003d238 0000000000000400 b temp_cwd
000000000003d638 0000000000000090 B __syscalls
000000000003d6c8 0000000000000004 b __hndl_lock
000000000003d6d0 0000000000000340 B __nx_exceptiondump
000000000003da10 0000000000000008 B __stack_top
000000000003da18 0000000000000008 B __system_argv
000000000003da20 0000000000000004 B __system_argc
000000000003da28 0000000000000004 B __nxlink_host
000000000003da30 B __tls_start
0000000000041e38 B __bss_end__
0000000000041e38 A __end__
0000000000041e38 B __tls_end
0000000000042000 A __argdata__
