0000000000000000 b _TLS_MODULE_BASE_
0000000000000000 A __start__
0000000000000000 T _start
0000000000000000 0000000000000010 b buffer.7967
0000000000000010 0000000000000004 b g_sfdnsresResult
0000000000000014 0000000000000004 B g_bsdErrno
0000000000000018 0000000000000004 B g_bsdResult
0000000000000020 0000000000000401 b __fixedpath
0000000000000080 t startup
00000000000000a4 t bssclr_start
00000000000000cc t bss_loop
0000000000000120 T __nx_exit
0000000000000130 T __nx_mod0
0000000000000150 T _init
00000000000001c0 0000000000000038 T exit
0000000000000200 00000000000000a8 T main
00000000000002a8 t deregister_tm_clones
00000000000002d8 t register_tm_clones
0000000000000310 t __do_global_dtors_aux
0000000000000358 t frame_dummy
0000000000000390 00000000000000a4 T getPageFromRequest
0000000000000428 0000000000002000 b tmp_buffer.7030
0000000000000440 00000000000001f0 T createWebService
0000000000000630 000000000000022c t ipcParse
0000000000000860 0000000000000034 t ipcCloseObjectById
00000000000008a0 00000000000001d8 t _appletGetSession
0000000000000a80 000000000000019c t _appletReceiveMessage
0000000000000c20 000000000000018c t _appletGetPerformanceMode.constprop.35
0000000000000db0 0000000000000164 t _appletSetOperationModeChangedNotification.constprop.37
0000000000000f20 0000000000000164 t _appletSetPerformanceModeChangedNotification.constprop.38
0000000000001090 000000000000016c t _appletSetOutOfFocusSuspendingEnabled
0000000000001200 0000000000000178 t _appletGetHandle.constprop.33
0000000000001380 0000000000000054 t _appletGetEvent.constprop.32
00000000000013e0 000000000000017c t _appletSetFocusHandlingMode
0000000000001560 00000000000001f0 t _appletGetSessionProxy.constprop.31
0000000000001750 00000000000000c4 t ipcConvertSessionToDomain
0000000000001820 000000000000010c t ipcCloneSession.constprop.42
0000000000001930 0000000000000384 t _appletCmdNoIO
0000000000001cc0 0000000000000394 t _appletCmdNoInOut64
0000000000002060 00000000000003ac t _appletGetCurrentFocusState.constprop.36
0000000000002410 00000000000003ac t _appletGetOperationMode.constprop.34
0000000000002428 0000000000002000 b tmp_buffer.7054
00000000000027c0 0000000000000010 T appletGetAppletType
00000000000027d0 00000000000000ec T appletSetFocusHandlingMode
00000000000028c0 0000000000000028 T appletGetAppletResourceUserId
00000000000028f0 00000000000001b0 T appletNotifyRunning
0000000000002aa0 00000000000001a8 T appletSetGamePlayRecordingState
0000000000002c50 000000000000069c T appletExit
00000000000032f0 00000000000004f0 T appletInitialize
00000000000037e0 0000000000000010 t _appletExitProcess
00000000000037f0 0000000000000014 T appletCreateManagedDisplayLayer
0000000000003810 000000000000017c T appletMainLoop
0000000000003990 0000000000000034 t ipcCloseObjectById
00000000000039d0 0000000000000124 t _hidGetSharedMemoryHandle.constprop.10
0000000000003b00 0000000000000134 t _hidCreateAppletResource.constprop.9
0000000000003c40 0000000000000100 t _hidCmdWithNoInput
0000000000003d40 000000000000010c t _hidCmdWithInputU32
0000000000003e50 0000000000000108 t _hidCmdWithInputU64.constprop.11
0000000000003f60 00000000000001d0 T hidReset
0000000000004130 000000000000000c T hidGetSharedmemAddr
0000000000004140 000000000000006c T hidKeysDown
00000000000041b0 000000000000000c T hidTouchCount
00000000000041c0 0000000000000560 T hidScanInput
0000000000004720 0000000000000198 T hidSetSupportedNpadIdType
00000000000048c0 000000000000000c T hidSetSupportedNpadStyleSet
00000000000048d0 0000000000000008 T hidSetNpadJoyHoldType
00000000000048e0 000000000000000c T hidSetNpadJoyAssignmentModeDual
00000000000048f0 000000000000012c T hidExit
0000000000004a20 0000000000000168 T hidInitialize
0000000000004b90 0000000000000034 t ipcCloseObjectById
0000000000004bd0 0000000000000124 t _apmGetSession.constprop.4
0000000000004d00 00000000000000f0 T apmExit
0000000000004df0 000000000000008c T apmInitialize
0000000000004e80 00000000000000cc T apmSetPerformanceConfiguration
0000000000004f50 0000000000000044 T smAddOverrideHandle
0000000000004fa0 0000000000000060 T smGetServiceOverride
0000000000005000 0000000000000014 T smHasInitialized
0000000000005020 000000000000005c T smExit
0000000000005080 0000000000000038 T smEncodeName
00000000000050c0 000000000000012c T smGetServiceOriginal
00000000000051f0 0000000000000158 T smInitialize
0000000000005350 0000000000000074 T smGetService
00000000000053d0 0000000000000140 t _fatalImpl
0000000000005510 0000000000000014 T fatalWithType
0000000000005530 0000000000000014 T fatalSimple
0000000000005550 0000000000000208 T envSetup
0000000000005760 0000000000000020 T envGetMainThreadHandle
0000000000005780 000000000000000c T envIsNso
0000000000005790 0000000000000014 T envHasHeapOverride
00000000000057b0 000000000000000c T envGetHeapOverrideAddr
00000000000057c0 000000000000000c T envGetHeapOverrideSize
00000000000057d0 0000000000000014 T envHasArgv
00000000000057f0 000000000000000c T envGetArgv
0000000000005800 000000000000000c T envGetExitFuncPtr
0000000000005810 000000000000000c T envSetExitFuncPtr
0000000000005820 00000000000000a8 t _socketParseBsdResult.part.0
00000000000058d0 0000000000000048 t _socketRead
0000000000005920 0000000000000048 t _socketWrite
0000000000005970 000000000000003c t _socketClose
00000000000059b0 000000000000007c t _socketOpen
0000000000005a30 0000000000000110 t inet_ntop4
0000000000005b40 0000000000000080 t _socketGetFd
0000000000005bc0 000000000000000c T socketGetDefaultInitConfig
0000000000005bd0 0000000000000020 T socketExit
0000000000005bf0 0000000000000108 T socketInitialize
0000000000005d00 00000000000000a4 T socket
0000000000005db0 0000000000000050 T recv
0000000000005e00 00000000000000ac T accept
0000000000005eb0 0000000000000054 T bind
0000000000005f10 000000000000004c T listen
0000000000005f60 0000000000000378 T inet_ntop
00000000000062e0 0000000000000040 T inet_ntoa
0000000000006320 000000000000002c T gethostid
0000000000006350 0000000000000044 t consoleDrawChar
00000000000063a0 0000000000000140 t consoleClearLine
00000000000064e0 000000000000004c t consoleNewRow
0000000000006530 0000000000000118 t consolePrintChar
0000000000006650 000000000000015c t consoleCls
00000000000067b0 00000000000007e0 t con_write
0000000000006f90 000000000000011c T consoleInit
00000000000070b0 0000000000000048 T consoleExit
0000000000007100 0000000000000028 T consoleUpdate
0000000000007130 0000000000000070 t ConsoleSwRenderer_flushAndSwap
00000000000071a0 00000000000000c4 t ConsoleSwRenderer_scrollWindow
0000000000007270 0000000000000188 t ConsoleSwRenderer_drawChar
0000000000007400 000000000000003c t ConsoleSwRenderer_deinit
0000000000007440 00000000000000f4 t ConsoleSwRenderer_init
0000000000007540 000000000000000c W getDefaultConsoleRenderer
0000000000007550 0000000000000030 T _convert_errno
0000000000007580 T svcSetHeapSize
0000000000007594 T svcSetMemoryAttribute
000000000000759c T svcUnmapMemory
00000000000075a4 T svcQueryMemory
00000000000075b8 T svcExitProcess
00000000000075c0 T svcSleepThread
00000000000075c8 T svcMapSharedMemory
00000000000075d0 T svcUnmapSharedMemory
00000000000075d8 T svcCreateTransferMemory
00000000000075ec T svcCloseHandle
00000000000075f4 T svcResetSignal
00000000000075fc T svcWaitSynchronization
0000000000007610 T svcArbitrateLock
0000000000007618 T svcArbitrateUnlock
0000000000007620 T svcConnectToNamedPort
0000000000007634 T svcSendSyncRequest
000000000000763c T svcBreak
0000000000007644 T svcReturnFromException
000000000000764c T svcGetInfo
0000000000007660 T svcUnmapTransferMemory
0000000000007668 T __aarch64_read_tp
0000000000007680 0000000000000180 t _CacheValues
0000000000007800 000000000000001c T kernelAbove200
0000000000007820 000000000000001c T kernelAbove300
0000000000007840 0000000000000030 T detectDebugger
0000000000007870 00000000000000a8 T tmemCreate
0000000000007920 0000000000000058 T tmemUnmap
0000000000007980 0000000000000068 T tmemClose
00000000000079f0 0000000000000104 t _waitLoop
0000000000007b00 0000000000000334 t _waitObjectsImpl
0000000000007e40 000000000000000c T waitObjects
0000000000007e50 000000000000004c T rwlockReadLock
0000000000007ea0 000000000000004c T rwlockReadUnlock
0000000000007ef0 0000000000000008 T rwlockWriteLock
0000000000007f00 0000000000000008 T rwlockWriteUnlock
0000000000007f10 000000000000008c T mutexLock
0000000000007fa0 0000000000000030 T mutexUnlock
0000000000007fd0 000000000000004c T rmutexLock
0000000000008020 000000000000001c T rmutexUnlock
0000000000008040 0000000000000014 T shmemLoadRemote
0000000000008060 0000000000000084 T shmemMap
00000000000080f0 0000000000000058 T shmemUnmap
0000000000008150 0000000000000044 T shmemClose
00000000000081a0 000000000000007c t _GetRegionFromInfo.isra.1
0000000000008220 0000000000000114 T virtmemSetup
0000000000008340 000000000000013c T virtmemReserve
0000000000008480 0000000000000004 T virtmemFree
0000000000008490 000000000000000c T eventLoadRemote
00000000000084a0 0000000000000038 T eventWait
00000000000084e0 0000000000000050 T eventClose
0000000000008530 0000000000000034 t ipcCloseObjectById
0000000000008570 0000000000000120 t _bsdRegisterClient.isra.5.constprop.11
0000000000008690 0000000000000308 t _bsdDispatchBasicCommand.isra.6
00000000000089a0 0000000000000044 t _bsdSocketCreationCommand
00000000000089f0 0000000000000044 t _bsdDispatchCommandWithOutAddrlen.isra.7
0000000000008a40 00000000000000fc t _bsdNameGetterCommand
0000000000008b40 00000000000000c8 t ipcQueryPointerBufferSize.constprop.10
0000000000008c10 00000000000000f8 t _bsdStartMonitor.constprop.9
0000000000008d10 00000000000000f0 T bsdExit
0000000000008e00 000000000000014c T bsdInitialize
0000000000008f50 0000000000000014 T bsdSocket
0000000000008f70 00000000000000c4 T bsdOpen
0000000000009040 00000000000000fc T bsdRecv
0000000000009140 0000000000000014 T bsdAccept
0000000000009160 00000000000000a8 T bsdBind
0000000000009210 0000000000000040 T bsdListen
0000000000009250 00000000000000bc T bsdWrite
0000000000009310 00000000000000fc T bsdRead
0000000000009410 0000000000000040 T bsdClose
0000000000009450 0000000000000034 t ipcCloseObjectById
0000000000009490 00000000000000c4 t ipcConvertSessionToDomain
0000000000009560 000000000000010c t ipcCloneSession.constprop.14
0000000000009670 000000000000028c t _nifmCreateGeneralService.constprop.11
0000000000009900 000000000000028c t _nifmCreateGeneralServiceOld.constprop.12
0000000000009b90 00000000000000f0 T nifmExit
0000000000009c80 00000000000000d4 T nifmInitialize
0000000000009d60 00000000000001bc T nifmGetCurrentIpAddress
0000000000009f20 000000000000000c T nwindowGetDefault
0000000000009f30 00000000000000c8 T __nx_win_init
000000000000a000 0000000000000034 T __nx_win_exit
000000000000a040 0000000000000080 T framebufferMakeLinear
000000000000a0c0 0000000000000078 T framebufferClose
000000000000a140 0000000000000298 T framebufferCreate
000000000000a3e0 0000000000000080 T framebufferBegin
000000000000a460 000000000000017c T framebufferEnd
000000000000a5e0 0000000000000054 t _nwindowConnect
000000000000a640 0000000000000040 t _nwindowDisconnect
000000000000a680 0000000000000024 T nwindowIsValid
000000000000a6b0 000000000000006c T nwindowClose
000000000000a720 00000000000000c4 T nwindowCreate
000000000000a7f0 000000000000000c T nwindowCreateFromLayer
000000000000a800 0000000000000088 T nwindowSetDimensions
000000000000a890 0000000000000154 T nwindowConfigureBuffer
000000000000a9f0 00000000000001e4 T nwindowDequeueBuffer
000000000000abe0 0000000000000144 T nwindowQueueBuffer
000000000000ad30 00000000000000ac T nwindowReleaseBuffers
000000000000ade0 00000000000000a0 T __nx_dynamic
000000000000ae80 00000000000000d8 W __libnx_initheap
000000000000af60 00000000000000a0 W __appInit
000000000000b000 0000000000000044 W __appExit
000000000000b050 0000000000000028 W __libnx_init
000000000000b080 0000000000000020 W __libnx_exit
000000000000b0a0 0000000000000008 t mutexInit
000000000000b0b0 000000000000000c t rmutexInit
000000000000b0c0 000000000000008c T __libnx_gtod
000000000000b150 0000000000000020 T __libnx_clock_settime
000000000000b170 0000000000000028 T __libnx_nanosleep
000000000000b1a0 0000000000000034 t __libnx_get_reent
000000000000b1e0 00000000000000f8 T __libnx_clock_gettime
000000000000b2e0 0000000000000058 T __libnx_clock_getres
000000000000b340 000000000000027c T __libnx_init_time
000000000000b5c0 0000000000000118 T newlibSetup
000000000000b6e0 0000000000000368 T argvSetup
000000000000ba50 0000000000000010 t fsdev_link
000000000000ba60 0000000000000010 t fsdev_dirreset
000000000000ba70 0000000000000010 t fsdev_chmod
000000000000ba80 000000000000001c t error_cmp
000000000000baa0 0000000000000058 t fsdev_translate_error
000000000000bb00 0000000000000040 t fsdev_fsync
000000000000bb40 0000000000000060 t fsdev_ftruncate
000000000000bba0 0000000000000020 t fsdev_dirclose
000000000000bbc0 000000000000016c t fsdev_dirnext
000000000000bd30 000000000000001c t fsdev_close
000000000000bd50 00000000000000a4 t fsdev_fstat
000000000000be00 00000000000000b0 t fsdev_seek
000000000000beb0 0000000000000198 t fsdev_read
000000000000c050 00000000000001a0 t fsdev_write
000000000000c1f0 0000000000000120 t fsdevFindDevice
000000000000c310 0000000000000168 t _fsdevMountDevice
000000000000c480 00000000000001fc t fsdev_getfspath
000000000000c680 0000000000000070 t fsdev_rmdir
000000000000c6f0 00000000000000d4 t fsdev_statvfs
000000000000c7d0 00000000000000ec t fsdev_diropen
000000000000c8c0 0000000000000070 t fsdev_mkdir
000000000000c930 0000000000000114 t fsdev_rename
000000000000ca50 00000000000000e8 t fsdev_chdir
000000000000cb40 0000000000000070 t fsdev_unlink
000000000000cbb0 00000000000001bc t fsdev_stat
000000000000cd70 000000000000019c t fsdev_open
000000000000cf10 00000000000000b8 t _fsdevUnmountDeviceStruct.part.4
000000000000cfd0 0000000000000010 t fsdev_fchmod
000000000000cfe0 0000000000000158 T fsdevMountSdmc
000000000000d140 0000000000000064 T fsdevUnmountAll
000000000000d1b0 000000000000012c T decode_utf8
000000000000d2dc T armDCacheFlush
000000000000d300 t armDCacheFlush_L0
000000000000d318 W __libnx_exception_entry
000000000000d3a4 t __libnx_exception_entry_start
000000000000d4cc t __libnx_exception_entry_abort
000000000000d4d0 t __libnx_exception_entry_end
000000000000d4d8 T __libnx_exception_returnentry
000000000000d4f0 0000000000000034 t ipcCloseObjectById
000000000000d530 000000000000012c t _timeGetSession
000000000000d660 00000000000001ec T timeExit
000000000000d850 00000000000000d8 T timeInitialize
000000000000d930 0000000000000124 T timeGetCurrentTime
000000000000da60 0000000000000118 T timeToCalendarTimeWithMyRule
000000000000db80 0000000000000034 t ipcCloseObjectById
000000000000dbc0 0000000000000134 t _viGetSession.constprop.7
000000000000dd00 00000000000001e4 T viExit
000000000000def0 00000000000002d4 T viInitialize
000000000000e1d0 000000000000000c T viGetSession_IHOSBinderDriverRelay
000000000000e1e0 0000000000000140 T viOpenDisplay
000000000000e320 0000000000000104 T viCloseDisplay
000000000000e430 0000000000000104 T viCloseLayer
000000000000e540 0000000000000334 T viCreateLayer
000000000000e880 00000000000000e8 T viSetLayerScalingMode
000000000000e970 0000000000000220 t ipcPrepareHeader
000000000000eb90 000000000000022c t ipcParse
000000000000edc0 00000000000000b0 t serviceIpcParse
000000000000ee70 0000000000000034 t ipcCloseObjectById
000000000000eeb0 0000000000000200 T fsInitialize
000000000000f0b0 000000000000009c T fsExit
000000000000f150 000000000000013c T fsMountSdcard
000000000000f290 0000000000000120 T fsFsCreateFile
000000000000f3b0 0000000000000118 T fsFsDeleteFile
000000000000f4d0 0000000000000118 T fsFsCreateDirectory
000000000000f5f0 0000000000000118 T fsFsDeleteDirectory
000000000000f710 0000000000000190 T fsFsRenameFile
000000000000f8a0 0000000000000190 T fsFsRenameDirectory
000000000000fa30 000000000000012c T fsFsGetEntryType
000000000000fb60 0000000000000150 T fsFsOpenFile
000000000000fcb0 0000000000000150 T fsFsOpenDirectory
000000000000fe00 000000000000012c T fsFsGetFreeSpace
000000000000ff30 000000000000012c T fsFsGetTotalSpace
0000000000010060 0000000000000190 T fsFsGetFileTimeStampRaw
00000000000101f0 000000000000006c T fsFsClose
0000000000010260 0000000000000170 T fsFileRead
00000000000103d0 000000000000010c T fsFileWrite
00000000000104e0 00000000000000e8 T fsFileFlush
00000000000105d0 00000000000000f0 T fsFileSetSize
00000000000106c0 0000000000000100 T fsFileGetSize
00000000000107c0 000000000000006c T fsFileClose
0000000000010830 000000000000006c T fsDirClose
00000000000108a0 000000000000016c T fsDirRead
0000000000010a10 0000000000000034 t ipcCloseObjectById
0000000000010a50 00000000000000c8 t ipcQueryPointerBufferSize.constprop.10
0000000000010b20 000000000000010c t ipcCloneSession.constprop.9
0000000000010c30 00000000000000d8 t _nvSetClientPID
0000000000010d10 00000000000000f0 t _nvInitialize.constprop.8
0000000000010e00 0000000000000100 T nvExit
0000000000010f00 0000000000000184 T nvInitialize
0000000000011090 000000000000012c T nvConvertError
00000000000111c0 000000000000012c T nvOpen
00000000000112f0 0000000000000270 T nvIoctl
0000000000011560 00000000000000dc T nvClose
0000000000011640 000000000000015c T nvQueryEvent
00000000000117a0 0000000000000060 t _nvFenceEventWaitCommon
0000000000011800 000000000000005c T nvFenceInit
0000000000011860 0000000000000098 T nvFenceExit
0000000000011900 00000000000001e0 T nvFenceWait
0000000000011ae0 000000000000007c T nvMultiFenceWait
0000000000011b60 000000000000006c T nvMapInit
0000000000011bd0 0000000000000068 T nvMapExit
0000000000011c40 0000000000000084 T nvMapClose
0000000000011cd0 0000000000000150 T nvMapCreate
0000000000011e20 0000000000000024 T nvioctlNvhostCtrl_EventSignal
0000000000011e50 000000000000003c T nvioctlNvhostCtrl_EventWait
0000000000011e90 0000000000000028 T nvioctlNvhostCtrl_EventWaitAsync
0000000000011ec0 0000000000000024 T nvioctlNvhostCtrl_EventRegister
0000000000011ef0 0000000000000024 T nvioctlNvhostCtrl_EventUnregister
0000000000011f20 000000000000003c T nvioctlNvmap_Create
0000000000011f60 0000000000000030 T nvioctlNvmap_Alloc
0000000000011f90 0000000000000030 T nvioctlNvmap_Free
0000000000011fc0 000000000000003c T nvioctlNvmap_GetId
0000000000012000 00000000000000e8 T bqRequestBuffer
00000000000120f0 0000000000000154 T bqDequeueBuffer
0000000000012250 000000000000009c T bqDetachBuffer
00000000000122f0 00000000000000e0 T bqQueueBuffer
00000000000123d0 0000000000000090 T bqCancelBuffer
0000000000012460 00000000000000e4 T bqConnect
0000000000012550 000000000000009c T bqDisconnect
00000000000125f0 0000000000000178 T bqSetPreallocatedBuffer
0000000000012770 0000000000000248 t _binderTransactParcelAuto
00000000000129c0 00000000000000c8 t ipcQueryPointerBufferSize
0000000000012a90 0000000000000138 t _binderTransactParcel
0000000000012bd0 0000000000000014 T binderCreate
0000000000012bf0 0000000000000010 T binderTransactParcel
0000000000012c00 0000000000000124 T binderConvertErrorCode
0000000000012d30 00000000000000e8 T binderAdjustRefcount
0000000000012e20 0000000000000074 T binderClose
0000000000012ea0 00000000000000c4 T binderInitSession
0000000000012f70 0000000000000144 T binderGetNativeHandle
00000000000130c0 0000000000000028 T parcelCreate
00000000000130f0 000000000000019c T parcelTransact
0000000000013290 0000000000000088 T parcelWriteData
0000000000013320 0000000000000098 T parcelReadData
00000000000133c0 0000000000000020 T parcelWriteInt32
00000000000133e0 0000000000000020 T parcelWriteUInt32
0000000000013400 0000000000000080 T parcelWriteString16
0000000000013480 0000000000000030 T parcelWriteInterfaceToken
00000000000134b0 0000000000000024 T parcelReadInt32
00000000000134e0 0000000000000068 T parcelReadFlattenedObject
0000000000013550 0000000000000044 T parcelWriteFlattenedObject
00000000000135a0 00000000000000c4 T nxlinkSetup
0000000000013668 0000000000000038 T aligned_alloc
00000000000136a0 00000000000000b8 T bsearch
0000000000013758 0000000000000030 T calloc
0000000000013788 0000000000000094 T _calloc_r
0000000000013820 0000000000000014 T __errno
0000000000013838 0000000000000044 T __libc_fini_array
0000000000013880 000000000000008c T __libc_init_array
0000000000013910 000000000000002c T __locale_mb_cur_max
0000000000013940 0000000000000008 T __locale_ctype_ptr_l
0000000000013948 000000000000002c T __locale_ctype_ptr
0000000000013978 0000000000000030 T memalign
00000000000139a8 0000000000000198 T _memalign_r
0000000000013b40 000000000000001c T malloc
0000000000013b60 000000000000001c T free
0000000000013b80 0000000000000844 T _malloc_r
00000000000143c8 00000000000002c8 T __utf8_mbtowc
0000000000014690 00000000000000d8 T memchr
0000000000014780 000000000000016c T memcpy
0000000000014900 00000000000001d8 T memset
0000000000014ad8 000000000000000c T __malloc_lock
0000000000014ae8 000000000000000c T __malloc_unlock
0000000000014af8 000000000000008c T printf
0000000000014b88 00000000000000d4 T _puts_r
0000000000014c60 000000000000001c T puts
0000000000014c80 000000000000003c T setenv
0000000000014cc0 0000000000000264 T _setenv_r
0000000000014f28 000000000000025c T setvbuf
0000000000015188 00000000000000bc T sscanf
0000000000015248 0000000000000050 T __sread
0000000000015298 0000000000000008 T __seofread
00000000000152a0 000000000000006c T __swrite
0000000000015310 0000000000000050 T __sseek
0000000000015360 0000000000000008 T __sclose
0000000000015368 00000000000000dc T strchr
0000000000015480 00000000000000a4 T strcmp
0000000000015540 00000000000001b8 T strcpy
00000000000156f8 0000000000000418 T _strerror_r
0000000000015b10 0000000000000024 T strerror
0000000000015b40 0000000000000140 T strlen
0000000000015c80 0000000000000084 T strncat
0000000000015d5c 0000000000000108 T strncmp
0000000000015e68 00000000000000a8 T strncpy
0000000000015f64 00000000000000e0 T strnlen
0000000000016020 0000000000000120 t critical_factorization
0000000000016140 00000000000003b4 t two_way_long_needle
00000000000164f8 0000000000000364 T strstr
0000000000016860 00000000000001d0 t _strtol_l.isra.0
0000000000016a30 0000000000000048 T _strtol_r
0000000000016a78 00000000000001e0 t _strtoul_l.isra.0
0000000000016c58 0000000000000048 T _strtoul_r
0000000000016ca0 000000000000005c T strtoul
0000000000016cfc 000000000000005c t get_arg
0000000000016d58 0000000000002f48 T __ssvfscanf_r
0000000000019ca0 000000000000001c T close
0000000000019cc0 0000000000000038 T write
0000000000019cf8 0000000000000008 T _user_strerror
0000000000019d00 000000000000076c t get_arg
000000000001a46c 0000000000003bfc T _vfprintf_r
000000000001e068 00000000000000ec t __sbprintf
000000000001e158 00000000000000d0 T _wcrtomb_r
000000000001e228 0000000000000010 T _wcsrtombs_r
000000000001e238 00000000000000e4 T __utf8_wctomb
000000000001e320 0000000000000140 T __swsetup_r
000000000001e460 000000000000017c T __call_exitprocs
000000000001e5e0 00000000000001a8 t quorem
000000000001e788 00000000000010dc T _dtoa_r
000000000001f868 000000000000000c T __env_lock
000000000001f878 000000000000000c T __env_unlock
000000000001f888 0000000000000214 T __sflush_r
000000000001faa0 00000000000000b8 T _fflush_r
000000000001fb58 0000000000000078 t std
000000000001fbd0 000000000000000c T _cleanup_r
000000000001fbe0 000000000000000c T __sfp_lock_acquire
000000000001fbf0 000000000000000c T __sfp_lock_release
000000000001fc00 000000000000000c T __sinit_lock_acquire
000000000001fc10 000000000000000c T __sinit_lock_release
000000000001fc20 0000000000000080 T __sinit
000000000001fca0 0000000000000118 T _malloc_trim_r
000000000001fdb8 00000000000002f4 T _free_r
00000000000200b0 00000000000004b8 T __sfvwrite_r
0000000000020568 00000000000000bc T _fwalk_reent
0000000000020628 0000000000000100 T _findenv_r
0000000000020728 0000000000000084 T iswspace
00000000000207b0 0000000000000244 t __jp2uc
00000000000209f8 00000000000000d0 T _jp2uc
0000000000020ac8 0000000000000008 T __localeconv_l
0000000000020ad0 0000000000000028 T _localeconv_r
0000000000020af8 00000000000000a4 T __swhatbuf_r
0000000000020ba0 000000000000010c T __smakebuf_r
0000000000020cb0 00000000000000d8 T _mbrtowc_r
0000000000020dc0 00000000000000b0 T memcmp
0000000000020e80 00000000000000ac T memmove
0000000000020f30 0000000000000090 T _Balloc
0000000000020fc0 000000000000001c T _Bfree
0000000000020fe0 00000000000000e8 T __multadd
00000000000210c8 0000000000000120 T __s2b
00000000000211e8 000000000000005c T __hi0bits
0000000000021248 00000000000000a0 T __lo0bits
00000000000212e8 000000000000002c T __i2b
0000000000021318 00000000000001c8 T __multiply
00000000000214e0 0000000000000104 T __pow5mult
00000000000215e8 0000000000000134 T __lshift
0000000000021720 0000000000000050 T __mcmp
0000000000021770 000000000000014c T __mdiff
00000000000218c0 0000000000000068 T __ulp
0000000000021928 0000000000000150 T __b2d
0000000000021a78 0000000000000138 T __d2b
0000000000021bb0 00000000000000a0 T __ratio
0000000000021c50 0000000000000068 T __copybits
0000000000021cb8 0000000000000084 T __any_on
0000000000021d40 0000000000000030 T realloc
0000000000021d70 000000000000056c T _realloc_r
00000000000222e0 00000000000000bc T __sccl
00000000000223a0 000000000000000c T nanf
00000000000223b0 000000000000007c T frexp
0000000000022430 00000000000000a8 T sprintf
00000000000224d8 00000000000000c8 T stpncpy
00000000000225a0 0000000000000054 t sulp
00000000000225f8 00000000000010f0 T _strtod_l
00000000000236e8 0000000000000040 T _strtod_r
0000000000023728 00000000000001d0 t _strtoll_l.isra.0
00000000000238f8 0000000000000048 T _strtoll_r
0000000000023940 00000000000001e0 t _strtoull_l.isra.0
0000000000023b20 0000000000000048 T _strtoull_r
0000000000023b68 00000000000001c0 T __ssprint_r
0000000000023d28 00000000000000f4 T _sungetc_r
0000000000023e1c 0000000000000070 T __ssrefill_r
0000000000023e8c 00000000000000e0 T _sfread_r
0000000000023f6c 000000000000076c t get_arg
00000000000246d8 0000000000003b44 T _svfprintf_r
0000000000028220 00000000000000c8 T __submore
00000000000282e8 000000000000003c T __sprint_r
0000000000028328 00000000000001dc T _wcsnrtombs_l
0000000000028508 0000000000000054 T _wcsnrtombs_r
0000000000028560 000000000000015c T _fclose_r
00000000000286c0 0000000000000114 t rshift
00000000000287d8 00000000000007e8 T __gethex
0000000000028fc0 0000000000000048 T __match
0000000000029008 000000000000022c T __hexnan
0000000000029238 0000000000000008 t null_write
0000000000029240 0000000000000018 T setDefaultDevice
0000000000029258 00000000000000f8 T FindDevice
0000000000029350 0000000000000034 T RemoveDevice
0000000000029388 00000000000000d8 T AddDevice
0000000000029460 00000000000000a8 T _close_r
0000000000029508 0000000000000080 T _fstat_r
0000000000029588 0000000000000008 T _isatty_r
0000000000029590 0000000000000094 T _lseek_r
0000000000029628 00000000000000a4 T _read_r
00000000000296d0 0000000000000078 T _sbrk_r
0000000000029748 00000000000000a4 T _write_r
00000000000297f0 0000000000000024 T _exit
0000000000029818 0000000000000234 T _concatenate_path
0000000000029a50 0000000000000178 T chdir
0000000000029bc8 0000000000000018 T __libc_lock_acquire
0000000000029be0 0000000000000018 T __libc_lock_release
0000000000029bf8 0000000000000018 T __libc_lock_init_recursive
0000000000029c10 0000000000000018 T __libc_lock_acquire_recursive
0000000000029c28 0000000000000018 T __libc_lock_release_recursive
0000000000029c40 0000000000000018 T __libc_lock_close_recursive
0000000000029c58 000000000000003c T __free_handle
0000000000029c98 0000000000000058 T __release_handle
0000000000029cf0 00000000000000c0 T __alloc_handle
0000000000029db0 0000000000000020 T __get_handle
0000000000029dd0 0000000000000024 T __getreent
0000000000029df8 0000000000000150 t __extenddftf2
0000000000029f48 0000000000000350 t __trunctfdf2
000000000002a298 0000000000000070 t __sfp_handle_exceptions
000000000002a308 0000000000000100 T strrchr
000000000002a408 T _fini
000000000002b208 0000000000000014 r CSWTCH.83
000000000002b2a0 0000000000000011 r digits.7917
000000000002b2b8 0000000000000038 r g_defaultSocketInitConfig
000000000002b3c8 0000000000000030 r colorTable
000000000002b3f8 0000000000000086 r _error_code_map
000000000002b480 R default_font_bin
000000000002d480 R default_font_bin_end
000000000002d480 R default_font_bin_size
000000000002d4a8 0000000000000038 r g_nvColorFmtTable
000000000002d4f0 0000000000000018 r error_table
000000000002d580 0000000000000023 r g_bq_InterfaceDescriptor
000000000002df90 0000000000000022 r basefix.6415
000000000002e140 0000000000000010 r blanks.6393
000000000002e150 0000000000000010 r zeroes.6394
000000000002e160 0000000000000101 R _ctype_
000000000002e2b8 00000000000000bc r a1
000000000002e378 00000000000000bc r a2
000000000002e438 000000000000005b r a3
000000000002e498 0000000000000070 r a6
000000000002e508 00000000000000a2 r a7
000000000002e5b0 0000000000000040 r a8
000000000002e5f0 000000000000172a r b02cf
000000000002fd20 0000000000001a7c r d02f4
00000000000317a0 0000000000000028 R __mprec_bigtens
00000000000317c8 00000000000000c8 R __mprec_tens
0000000000031890 000000000000000c r p05.5161
00000000000318d0 0000000000000014 r fpi.5241
00000000000318e8 0000000000000014 r fpinan.5277
0000000000031900 0000000000000028 r tinytens
0000000000031928 000000000000006c R __action_table
0000000000031998 0000000000000100 R __chclass
0000000000031a98 000000000000006c R __state_table
0000000000031c50 0000000000000010 r blanks.6378
0000000000031c60 0000000000000010 r zeroes.6379
0000000000031c70 0000000000000100 R __hexdig
0000000000031d78 0000000000000003 R DIRECTORY_PARENT
0000000000031d80 r __EH_FRAME_BEGIN__
0000000000031d80 R __eh_frame_hdr_end
0000000000031d80 R __eh_frame_hdr_start
0000000000037ed4 r __FRAME_END__
0000000000037ed8 a _DYNAMIC
000000000003b000 t __frame_dummy_init_array_entry
000000000003b000 T __init_array_start
000000000003b000 B __preinit_array_end
000000000003b000 B __preinit_array_start
000000000003b000 D __tdata_lma
000000000003b000 D __tdata_lma_end
000000000003b008 t __do_global_dtors_aux_fini_array_entry
000000000003b008 T __fini_array_start
000000000003b008 T __init_array_end
000000000003b010 a _GLOBAL_OFFSET_TABLE_
000000000003b010 T __fini_array_end
000000000003b010 T __got_start__
000000000003b298 D __got_end__
000000000003b298 0000000000000001 V __nx_applet_auto_notifyrunning
000000000003b29c 0000000000000004 V __nx_applet_type
000000000003b2a0 00000000000000e0 d g_socketDevoptab
000000000003b380 0000000000000001 d firstConsoleInit.6003
000000000003b388 0000000000000058 d defaultConsole
000000000003b3e0 0000000000000008 d currentConsole
000000000003b3e8 00000000000000e0 d dotab_stdout
000000000003b4c8 0000000000000088 d s_consoleSwRenderer
000000000003b550 0000000000000008 d g_bsdClientPid
000000000003b558 0000000000000008 V __nx_exception_stack_size
000000000003b560 0000000000000401 d __cwd
000000000003b964 0000000000000004 d fsdev_fsdevice_cwd
000000000003b968 0000000000000004 d fsdev_fsdevice_default
000000000003b970 00000000000000e0 d fsdev_devoptab
000000000003ba50 0000000000000004 V __nx_vi_stray_layer_flags
000000000003ba54 0000000000000004 d g_viServiceType
000000000003ba58 0000000000000004 V __nx_nv_transfermem_size
000000000003ba5c 0000000000000004 d g_ctrl_fd
000000000003ba60 0000000000000004 d g_nvmap_fd
000000000003ba68 0000000000000008 D _impure_ptr
000000000003ba70 0000000000000768 d impure_data
000000000003c1d8 0000000000000008 D _global_impure_ptr
000000000003c1e0 00000000000001a8 D __global_locale
000000000003c388 0000000000000008 D __malloc_sbrk_base
000000000003c390 0000000000000008 D __malloc_trim_threshold
000000000003c398 0000000000000810 D __malloc_av_
000000000003cba8 0000000000000008 D environ
000000000003cbb0 0000000000000004 d defaultDevice
000000000003cbb8 0000000000000080 D devoptab_list
000000000003cc38 00000000000000e0 D dotab_stdnull
000000000003cd18 0000000000000400 d _current_working_directory
000000000003d118 0000000000000010 d __stderr_handle
000000000003d128 0000000000000010 d __stdin_handle
000000000003d138 0000000000000010 d __stdout_handle
000000000003d148 0000000000002000 d handles
000000000003f148 D __TMC_END__
000000000003f148 D __bss_start__
000000000003f148 b completed.7821
000000000003f150 b object.7826
000000000003f180 0000000000000008 V __nx_applet_PerformanceConfiguration
000000000003f188 0000000000000004 V __nx_applet_exit_mode
000000000003f18c 0000000000000001 b g_appletExitProcessFlag
000000000003f190 0000000000000018 b g_appletFirstHook
000000000003f1a8 0000000000000001 b g_appletFocusState
000000000003f1b0 000000000000000c b g_appletIApplicationCreator
000000000003f1c0 000000000000000c b g_appletIAudioController
000000000003f1d0 000000000000000c b g_appletICommonStateGetter
000000000003f1e0 000000000000000c b g_appletIDebugFunctions
000000000003f1f0 000000000000000c b g_appletIDisplayController
000000000003f200 000000000000000c b g_appletIFunctions
000000000003f210 000000000000000c b g_appletIGlobalStateController
000000000003f220 000000000000000c b g_appletILibraryAppletCreator
000000000003f230 000000000000000c b g_appletILibraryAppletSelfAccessor
000000000003f240 000000000000000c b g_appletIProcessWindingController
000000000003f250 000000000000000c b g_appletISelfController
000000000003f260 000000000000000c b g_appletIWindowController
000000000003f270 000000000000000c b g_appletLibraryAppletLaunchableEvent
000000000003f280 000000000000000c b g_appletMessageEvent
000000000003f28c 0000000000000001 b g_appletNotifiedRunning
000000000003f28d 0000000000000001 b g_appletOperationMode
000000000003f290 0000000000000004 b g_appletPerformanceMode
000000000003f298 000000000000000c b g_appletProxySession
000000000003f2a4 0000000000000004 b g_appletRecordingInitialized
000000000003f2a8 0000000000000028 b g_appletRecordingTmem
000000000003f2d0 0000000000000008 b g_appletResourceUserId
000000000003f2d8 000000000000000c b g_appletSrv
000000000003f2e8 0000000000000008 b g_refCnt
000000000003f2f0 0000000000000050 b g_controllerDown
000000000003f340 00000000000001e0 b g_controllerEntries
000000000003f520 0000000000000190 b g_controllerHeaders
000000000003f6b0 0000000000000050 b g_controllerHeld
000000000003f700 0000000000000028 b g_controllerLayout
000000000003f728 0000000000000050 b g_controllerOld
000000000003f778 0000000000000004 b g_controllerP1AutoID
000000000003f780 0000000000000050 b g_controllerTimestamps
000000000003f7d0 0000000000000050 b g_controllerUp
000000000003f820 000000000000000c b g_hidIAppletResource
000000000003f830 0000000000000020 b g_hidLock
000000000003f850 0000000000000020 b g_hidSharedmem
000000000003f870 000000000000000c b g_hidSrv
000000000003f880 0000000000000020 b g_keyboardDown
000000000003f8a0 0000000000000038 b g_keyboardEntry
000000000003f8d8 0000000000000020 b g_keyboardHeld
000000000003f8f8 0000000000000008 b g_keyboardModDown
000000000003f900 0000000000000008 b g_keyboardModHeld
000000000003f908 0000000000000008 b g_keyboardModOld
000000000003f910 0000000000000008 b g_keyboardModUp
000000000003f918 0000000000000020 b g_keyboardOld
000000000003f938 0000000000000008 b g_keyboardTimestamp
000000000003f940 0000000000000020 b g_keyboardUp
000000000003f960 0000000000000008 b g_mouseDown
000000000003f968 0000000000000030 b g_mouseEntry
000000000003f998 0000000000000008 b g_mouseHeld
000000000003f9a0 0000000000000008 b g_mouseOld
000000000003f9a8 0000000000000008 b g_mouseTimestamp
000000000003f9b0 0000000000000008 b g_mouseUp
000000000003f9b8 0000000000000008 b g_refCnt
000000000003f9c0 000000000000000a b g_sixaxisEnabled
000000000003f9d0 0000000000004650 b g_sixaxisLayouts
0000000000044020 0000000000000298 b g_touchEntry
00000000000442b8 0000000000000008 b g_touchTimestamp
00000000000442c0 000000000000000c b g_apmISession
00000000000442d0 000000000000000c b g_apmSrv
00000000000442e0 0000000000000008 b g_refCnt
00000000000442e8 0000000000000008 b g_refCnt
00000000000442f0 0000000000000004 b g_smHandle
00000000000442f8 0000000000000200 b g_smOverrides
00000000000444f8 0000000000000008 b g_smOverridesNum
0000000000044500 0000000000000001 b g_hasRandomSeed
0000000000044501 0000000000000001 b g_isNso
0000000000044504 0000000000000004 b g_lastLoadResult
0000000000044508 0000000000000008 b g_loaderRetAddr
0000000000044510 0000000000000004 b g_mainThreadHandle
0000000000044518 0000000000000008 b g_nextLoadArgv
0000000000044520 0000000000000008 b g_nextLoadPath
0000000000044528 0000000000000008 b g_overrideArgv
0000000000044530 0000000000000008 b g_overrideHeapAddr
0000000000044538 0000000000000008 b g_overrideHeapSize
0000000000044540 0000000000000004 b g_processHandle
0000000000044548 0000000000000010 b g_randomSeed
0000000000044558 0000000000000010 b g_syscallHints
0000000000044568 0000000000000018 b g_sfdnsresConfig
0000000000044580 0000000000000058 b currentCopy
00000000000445d8 0000000000000001 b g_HasCached
00000000000445d9 0000000000000001 b g_IsAbove200
00000000000445da 0000000000000001 b g_IsAbove300
00000000000445db 0000000000000001 b g_IsAbove400
00000000000445dc 0000000000000001 b g_IsAbove500
00000000000445dd 0000000000000001 b g_IsAbove600
00000000000445e0 0000000000000004 b g_Mutex
00000000000445e8 0000000000000010 b g_AddressSpace
00000000000445f8 0000000000000008 b g_CurrentAddr
0000000000044600 0000000000000030 b g_Region
0000000000044630 0000000000000004 b g_VirtMemMutex
0000000000044638 000000000000000c b g_bsdMonitor
0000000000044648 000000000000000c b g_bsdSrv
0000000000044658 0000000000000008 b g_bsdSrvIpcBufferSize
0000000000044660 0000000000000028 b g_bsdTmem
0000000000044688 000000000000000c b g_nifmIGS
0000000000044698 000000000000000c b g_nifmSrv
00000000000446a8 0000000000000008 b g_refCnt
00000000000446b0 0000000000000078 b g_defaultWin
0000000000044728 0000000000000050 b g_viDisplay
0000000000044778 0000000000000010 b g_viLayer
0000000000044788 0000000000000004 V __nx_exception_ignoredebug
0000000000044790 0000000000000400 V __nx_exception_stack
0000000000044b90 0000000000000008 V __nx_heap_size
0000000000044b98 0000000000000008 b __bootticks
0000000000044ba0 0000000000000008 b __boottime
0000000000044ba8 0000000000000004 V __nx_time_type
0000000000044bb0 0000000000000008 b g_argv_empty
0000000000044bb8 0000000000002300 b fsdev_fsdevices
0000000000046eb8 0000000000000001 b fsdev_initialised
0000000000046ec0 0000000000000008 b g_refCnt
0000000000046ec8 000000000000000c b g_timeLocalSystemClock
0000000000046ed8 000000000000000c b g_timeNetworkSystemClock
0000000000046ee8 000000000000000c b g_timeSrv
0000000000046ef8 000000000000000c b g_timeTimeZoneService
0000000000046f08 000000000000000c b g_timeUserSystemClock
0000000000046f18 0000000000000008 V __nx_vi_layer_id
0000000000046f20 000000000000000c b g_viIApplicationDisplayService
0000000000046f30 000000000000000c b g_viIHOSBinderDriverIndirect
0000000000046f40 000000000000000c b g_viIHOSBinderDriverRelay
0000000000046f50 000000000000000c b g_viIManagerDisplayService
0000000000046f60 000000000000000c b g_viISystemDisplayService
0000000000046f70 000000000000000c b g_fsSrv
0000000000046f80 0000000000000008 b g_refCnt
0000000000046f88 0000000000000008 b g_nvIpcBufferSize
0000000000046f90 000000000000000c b g_nvSrv
0000000000046fa0 000000000000000c b g_nvSrvClone
0000000000046fb0 0000000000000028 b g_nvTransfermem
0000000000046fd8 0000000000000008 b g_refCnt
0000000000046fe0 0000000000000008 b g_NvEventUsedMask
0000000000046fe8 0000000000000300 b g_NvEvents
00000000000472e8 0000000000000008 b g_refCnt
00000000000472f0 0000000000000008 b g_refCnt
00000000000472f8 0000000000000028 B __malloc_current_mallinfo
0000000000047320 0000000000000008 B __malloc_max_sbrked_mem
0000000000047328 0000000000000008 B __malloc_max_total_mem
0000000000047330 0000000000000008 B __malloc_top_pad
0000000000047338 000000000000000c b __malloc_recursive_mutex
0000000000047344 0000000000000004 b alloced.4037
0000000000047348 000000000000000c B __atexit_recursive_mutex
0000000000047358 0000000000000008 b initial_env
0000000000047360 000000000000000c b __env_recursive_mutex
0000000000047370 000000000000000c b __sfp_recursive_mutex
0000000000047380 000000000000000c b __sinit_recursive_mutex
0000000000047390 0000000000000008 b heap_start.5228
0000000000047398 0000000000000008 B fake_heap_end
00000000000473a0 0000000000000008 B fake_heap_start
00000000000473a8 0000000000000400 b temp_cwd
00000000000477a8 0000000000000090 B __syscalls
0000000000047838 0000000000000004 b __hndl_lock
0000000000047840 0000000000000340 B __nx_exceptiondump
0000000000047b80 0000000000000008 B __stack_top
0000000000047b88 0000000000000008 B __system_argv
0000000000047b90 0000000000000004 B __system_argc
0000000000047b98 0000000000000004 B __nxlink_host
0000000000047ba0 B __tls_start
000000000004bfc8 B __bss_end__
000000000004bfc8 A __end__
000000000004bfc8 B __tls_end
000000000004c000 A __argdata__
